mode: set
webapp/cmd/web/routes.go:10.47,27.2 9 1
webapp/cmd/web/sessions.go:10.39,17.2 6 1
webapp/cmd/web/forms.go:10.42,12.26 2 1
webapp/cmd/web/forms.go:17.2,17.22 1 1
webapp/cmd/web/forms.go:12.26,14.3 1 1
webapp/cmd/web/forms.go:20.44,22.2 1 1
webapp/cmd/web/forms.go:29.37,34.2 1 1
webapp/cmd/web/forms.go:37.39,39.13 2 1
webapp/cmd/web/forms.go:43.2,43.13 1 1
webapp/cmd/web/forms.go:39.13,41.3 1 1
webapp/cmd/web/forms.go:47.43,48.31 1 1
webapp/cmd/web/forms.go:48.31,50.37 2 1
webapp/cmd/web/forms.go:50.37,52.4 1 1
webapp/cmd/web/forms.go:56.52,57.9 1 1
webapp/cmd/web/forms.go:57.9,59.3 1 1
webapp/cmd/web/forms.go:63.29,65.2 1 1
webapp/cmd/web/handlers.go:14.70,17.45 2 1
webapp/cmd/web/handlers.go:25.2,25.67 1 1
webapp/cmd/web/handlers.go:17.45,21.3 2 1
webapp/cmd/web/handlers.go:21.8,24.3 1 1
webapp/cmd/web/handlers.go:33.108,36.16 2 1
webapp/cmd/web/handlers.go:41.2,45.16 3 1
webapp/cmd/web/handlers.go:49.2,49.12 1 1
webapp/cmd/web/handlers.go:36.16,38.3 1 0
webapp/cmd/web/handlers.go:45.16,47.3 1 0
webapp/cmd/web/handlers.go:52.71,55.16 2 0
webapp/cmd/web/handlers.go:62.2,65.19 3 0
webapp/cmd/web/handlers.go:71.2,76.22 4 0
webapp/cmd/web/handlers.go:55.16,59.3 3 0
webapp/cmd/web/handlers.go:65.19,68.3 2 0
webapp/cmd/web/main.go:14.13,30.16 6 0
webapp/cmd/web/main.go:30.16,32.3 1 0
webapp/cmd/web/middleware.go:14.67,16.2 1 1
webapp/cmd/web/middleware.go:18.72,19.71 1 1
webapp/cmd/web/middleware.go:19.71,26.17 3 1
webapp/cmd/web/middleware.go:38.3,38.40 1 1
webapp/cmd/web/middleware.go:26.17,28.20 2 1
webapp/cmd/web/middleware.go:33.4,33.60 1 1
webapp/cmd/web/middleware.go:28.20,30.5 1 1
webapp/cmd/web/middleware.go:34.9,37.4 1 1
webapp/cmd/web/middleware.go:42.45,44.16 2 1
webapp/cmd/web/middleware.go:48.2,49.19 2 1
webapp/cmd/web/middleware.go:54.2,55.22 2 1
webapp/cmd/web/middleware.go:59.2,59.18 1 1
webapp/cmd/web/middleware.go:63.2,63.16 1 1
webapp/cmd/web/middleware.go:44.16,46.3 1 1
webapp/cmd/web/middleware.go:49.19,51.3 1 1
webapp/cmd/web/middleware.go:55.22,57.3 1 1
webapp/cmd/web/middleware.go:59.18,61.3 1 0
