mode: set
webapp/cmd/web/forms.go:11.42,13.26 2 1
webapp/cmd/web/forms.go:17.2,17.22 1 1
webapp/cmd/web/forms.go:13.26,15.3 1 1
webapp/cmd/web/forms.go:21.44,23.2 1 1
webapp/cmd/web/forms.go:32.37,37.2 1 1
webapp/cmd/web/forms.go:40.39,42.13 2 1
webapp/cmd/web/forms.go:45.2,45.13 1 1
webapp/cmd/web/forms.go:42.13,44.3 1 1
webapp/cmd/web/forms.go:49.43,50.31 1 1
webapp/cmd/web/forms.go:50.31,52.37 2 1
webapp/cmd/web/forms.go:52.37,54.4 1 1
webapp/cmd/web/forms.go:60.52,61.9 1 1
webapp/cmd/web/forms.go:61.9,63.3 1 1
webapp/cmd/web/forms.go:67.29,69.2 1 1
webapp/cmd/web/handlers.go:14.70,17.45 2 1
webapp/cmd/web/handlers.go:23.2,23.67 1 1
webapp/cmd/web/handlers.go:17.45,20.3 2 1
webapp/cmd/web/handlers.go:20.8,22.3 1 1
webapp/cmd/web/handlers.go:26.73,29.2 1 0
webapp/cmd/web/handlers.go:39.106,42.16 2 1
webapp/cmd/web/handlers.go:47.2,54.16 5 1
webapp/cmd/web/handlers.go:58.2,58.12 1 1
webapp/cmd/web/handlers.go:42.16,45.3 2 1
webapp/cmd/web/handlers.go:54.16,56.3 1 0
webapp/cmd/web/handlers.go:61.71,63.16 2 1
webapp/cmd/web/handlers.go:70.2,73.19 3 1
webapp/cmd/web/handlers.go:80.2,84.16 4 1
webapp/cmd/web/handlers.go:91.2,91.42 1 1
webapp/cmd/web/handlers.go:98.2,103.59 3 1
webapp/cmd/web/handlers.go:63.16,67.3 3 0
webapp/cmd/web/handlers.go:73.19,78.3 3 1
webapp/cmd/web/handlers.go:84.16,89.3 3 1
webapp/cmd/web/handlers.go:91.42,95.3 3 1
webapp/cmd/web/handlers.go:106.94,107.72 1 1
webapp/cmd/web/handlers.go:111.2,112.13 2 1
webapp/cmd/web/handlers.go:107.72,109.3 1 1
webapp/cmd/web/main.go:20.13,30.16 6 0
webapp/cmd/web/main.go:33.2,45.16 6 0
webapp/cmd/web/main.go:30.16,32.3 1 0
webapp/cmd/web/main.go:45.16,47.3 1 0
webapp/cmd/web/middleware.go:14.67,16.2 1 1
webapp/cmd/web/middleware.go:18.72,19.71 1 1
webapp/cmd/web/middleware.go:19.71,23.17 3 1
webapp/cmd/web/middleware.go:32.3,32.40 1 1
webapp/cmd/web/middleware.go:23.17,25.20 2 1
webapp/cmd/web/middleware.go:28.4,28.60 1 1
webapp/cmd/web/middleware.go:25.20,27.5 1 1
webapp/cmd/web/middleware.go:29.9,31.4 1 1
webapp/cmd/web/middleware.go:36.45,38.16 2 1
webapp/cmd/web/middleware.go:42.2,43.19 2 1
webapp/cmd/web/middleware.go:47.2,48.22 2 1
webapp/cmd/web/middleware.go:52.2,52.18 1 1
webapp/cmd/web/middleware.go:56.2,56.16 1 1
webapp/cmd/web/middleware.go:38.16,40.3 1 1
webapp/cmd/web/middleware.go:43.19,45.3 1 1
webapp/cmd/web/middleware.go:48.22,50.3 1 1
webapp/cmd/web/middleware.go:52.18,54.3 1 0
webapp/cmd/web/routes.go:10.47,29.2 10 1
webapp/cmd/web/sessions.go:11.39,19.2 6 1
webapp/cmd/web/db.go:12.42,14.16 2 1
webapp/cmd/web/db.go:18.2,19.16 2 1
webapp/cmd/web/db.go:23.2,23.16 1 1
webapp/cmd/web/db.go:14.16,16.3 1 0
webapp/cmd/web/db.go:19.16,21.3 1 0
webapp/cmd/web/db.go:26.56,28.16 2 1
webapp/cmd/web/db.go:32.2,34.24 2 1
webapp/cmd/web/db.go:28.16,30.3 1 0
